<?xml version="1.0" encoding="UTF-8"?>
<!-- Generated by org.testng.reporters.JUnitReportReporter -->
<testsuite hostname="DESKTOP-O9K0S7S" failures="0" tests="1" name="testLayer.LoginTest" time="25.267" errors="0" timestamp="15 Jun 2024 12:52:54 GMT" skipped="0">
  <testcase classname="testLayer.LoginTest" name="verifyLoginTestWithValidDetails" time="25.267"/>
</testsuite> <!-- testLayer.LoginTest -->
